<?xml version="1.0" encoding="UTF-8"?>
<!-- Generated by org.testng.reporters.JUnitXMLReporter -->
<testsuite ignored="0" hostname="LAPTOP-IVB62MT9" failures="0" tests="3" name="MacOS Test" time="137.575" errors="0" timestamp="22 Jul 2022 16:02:17 GMT">
  <testcase classname="com.lambdatest.Testng1" name="scenarioOne" time="18.089"/>
  <testcase classname="com.lambdatest.Testng1" name="secondScenario" time="15.559"/>
  <testcase classname="com.lambdatest.Testng1" name="thirdScenario" time="26.104"/>
</testsuite> <!-- MacOS Test -->
