<?xml version="1.0" encoding="UTF-8"?>
<!-- Generated by org.testng.reporters.JUnitXMLReporter -->
<testsuite ignored="0" hostname="LAPTOP-IVB62MT9" failures="0" tests="3" name="Windows 10" time="209.823" errors="0" timestamp="22 Jul 2022 16:03:30 GMT">
  <testcase classname="com.lambdatest.Testng1" name="scenarioOne" time="20.045"/>
  <testcase classname="com.lambdatest.Testng1" name="secondScenario" time="17.803"/>
  <testcase classname="com.lambdatest.Testng1" name="thirdScenario" time="27.788"/>
</testsuite> <!-- Windows 10 -->
