<?xml version="1.0" encoding="UTF-8"?>
<!-- Generated by org.testng.reporters.JUnitXMLReporter -->
<testsuite ignored="0" hostname="LAPTOP-IVB62MT9" failures="0" tests="3" name="Windows 10 Test" time="208.226" errors="0" timestamp="22 Jul 2022 16:03:28 GMT">
  <testcase classname="com.lambdatest.Testng1" name="scenarioOne" time="22.2"/>
  <testcase classname="com.lambdatest.Testng1" name="secondScenario" time="16.134"/>
  <testcase classname="com.lambdatest.Testng1" name="thirdScenario" time="26.36"/>
</testsuite> <!-- Windows 10 Test -->
