<?xml version="1.0" encoding="UTF-8"?>
<!-- Generated by org.testng.reporters.JUnitXMLReporter -->
<testsuite ignored="0" hostname="LAPTOP-IVB62MT9" failures="0" tests="3" name="Windows 7 Test" time="166.857" errors="0" timestamp="22 Jul 2022 16:02:47 GMT">
  <testcase classname="com.lambdatest.Testng1" name="scenarioOne" time="17.594"/>
  <testcase classname="com.lambdatest.Testng1" name="secondScenario" time="15.551"/>
  <testcase classname="com.lambdatest.Testng1" name="thirdScenario" time="25.192"/>
</testsuite> <!-- Windows 7 Test -->
